<?xml version="1.0" encoding="UTF-8"?>
<!-- Generated by org.testng.reporters.JUnitReportReporter -->
<testsuite hostname="mac-sur-MacBook-Pro.local" failures="0" tests="8" name="ibf2021.d2.TestBankAccount" time="0.009" errors="0" timestamp="2021-12-06T16:47:45 SGT" skipped="0">
  <testcase classname="ibf2021.d2.TestBankAccount" name="testDeposit_nameOnly_NormalCondition" time="0.004"/>
  <testcase classname="ibf2021.d2.TestBankAccount" name="testWithdraw_nameOnly_NormalCondition" time="0.001"/>
  <testcase classname="ibf2021.d2.TestBankAccount" name="testTransactionHistory_nameAndBalance" time="0.000"/>
  <testcase classname="ibf2021.d2.TestBankAccount" name="testTransactionHistory_nameOnly" time="0.001"/>
  <testcase classname="ibf2021.d2.TestBankAccount" name="testgetBalance_nameOnly" time="0.000"/>
  <testcase classname="ibf2021.d2.TestBankAccount" name="testgetBalance_nameAndBalance" time="0.000"/>
  <testcase classname="ibf2021.d2.TestBankAccount" name="testWithdraw_nameAndBalance_NormalCondition" time="0.002"/>
  <testcase classname="ibf2021.d2.TestBankAccount" name="testDeposit_nameandBalance_NormalCondition" time="0.001"/>
</testsuite> <!-- ibf2021.d2.TestBankAccount -->
