<?xml version="1.0" encoding="UTF-8"?>
<!-- Generated by org.testng.reporters.JUnitReportReporter -->
<testsuite hostname="mac-sur-MacBook-Pro.local" failures="0" tests="12" name="ibf2021.d2.TestFixedAccount" time="0.035" errors="0" timestamp="2021-12-06T16:47:45 SGT" skipped="0">
  <testcase classname="ibf2021.d2.TestFixedAccount" name="testDurationChange_cons1" time="0.001"/>
  <testcase classname="ibf2021.d2.TestFixedAccount" name="testDeposit_cons3" time="0.002"/>
  <testcase classname="ibf2021.d2.TestFixedAccount" name="testDeposit_cons1" time="0.002"/>
  <testcase classname="ibf2021.d2.TestFixedAccount" name="testDeposit_cons2" time="0.001"/>
  <testcase classname="ibf2021.d2.TestFixedAccount" name="testInterestChange_cons1" time="0.000"/>
  <testcase classname="ibf2021.d2.TestFixedAccount" name="testInterestChange_cons3" time="0.000"/>
  <testcase classname="ibf2021.d2.TestFixedAccount" name="testWithdraw_cons2" time="0.000"/>
  <testcase classname="ibf2021.d2.TestFixedAccount" name="testInterestChange_cons2" time="0.000"/>
  <testcase classname="ibf2021.d2.TestFixedAccount" name="testWithdraw_cons1" time="0.000"/>
  <testcase classname="ibf2021.d2.TestFixedAccount" name="testWithdraw_cons3" time="0.000"/>
  <testcase classname="ibf2021.d2.TestFixedAccount" name="testDurationChange_cons3" time="0.000"/>
  <testcase classname="ibf2021.d2.TestFixedAccount" name="testDurationChange_cons2" time="0.029"/>
</testsuite> <!-- ibf2021.d2.TestFixedAccount -->
