<?xml version="1.0" encoding="UTF-8"?>
<!-- Generated by org.testng.reporters.JUnitReportReporter -->
<testsuite hostname="mac-sur-MacBook-Pro.local" failures="0" tests="1" name="ibf2021.d2.TestNgMavenExampleTest" time="0.009" errors="0" timestamp="3 Dec 2021 05:38:44 GMT">
  <testcase classname="ibf2021.d2.TestNgMavenExampleTest" name="exampleOfTestNgMaven" time="0.009"/>
</testsuite> <!-- ibf2021.d2.TestNgMavenExampleTest -->
