<?xml version="1.0" encoding="UTF-8"?>
<testsuite xmlns:xsi="http://www.w3.org/2001/XMLSchema-instance" xsi:noNamespaceSchemaLocation="https://maven.apache.org/surefire/maven-surefire-plugin/xsd/surefire-test-report.xsd" name="TestSuite" time="6.141" tests="20" errors="0" skipped="0" failures="0">
  <properties>
    <property name="java.specification.version" value="17"/>
    <property name="sun.jnu.encoding" value="UTF-8"/>
    <property name="java.class.path" value="/Users/mac_sur/Desktop/Module 1/Java-Day-2/day2 workshop/day2/target/test-classes:/Users/mac_sur/Desktop/Module 1/Java-Day-2/day2 workshop/day2/target/classes:/Users/mac_sur/.m2/repository/org/testng/testng/7.0.0/testng-7.0.0.jar:/Users/mac_sur/.m2/repository/com/beust/jcommander/1.72/jcommander-1.72.jar:"/>
    <property name="java.vm.vendor" value="Oracle Corporation"/>
    <property name="sun.arch.data.model" value="64"/>
    <property name="java.vendor.url" value="https://java.oracle.com/"/>
    <property name="os.name" value="Mac OS X"/>
    <property name="java.vm.specification.version" value="17"/>
    <property name="sun.java.launcher" value="SUN_STANDARD"/>
    <property name="user.country" value="SG"/>
    <property name="sun.boot.library.path" value="/Library/Java/JavaVirtualMachines/jdk-17.0.1.jdk/Contents/Home/lib"/>
    <property name="sun.java.command" value="/Users/mac_sur/Desktop/Module 1/Java-Day-2/day2 workshop/day2/target/surefire/surefirebooter15265164128291665524.jar /Users/mac_sur/Desktop/Module 1/Java-Day-2/day2 workshop/day2/target/surefire 2021-12-06T16-47-38_498-jvmRun1 surefire13995420529268945128tmp surefire_01844706572288388462tmp"/>
    <property name="http.nonProxyHosts" value="local|*.local|169.254/16|*.169.254/16"/>
    <property name="jdk.debug" value="release"/>
    <property name="surefire.test.class.path" value="/Users/mac_sur/Desktop/Module 1/Java-Day-2/day2 workshop/day2/target/test-classes:/Users/mac_sur/Desktop/Module 1/Java-Day-2/day2 workshop/day2/target/classes:/Users/mac_sur/.m2/repository/org/testng/testng/7.0.0/testng-7.0.0.jar:/Users/mac_sur/.m2/repository/com/beust/jcommander/1.72/jcommander-1.72.jar:"/>
    <property name="sun.cpu.endian" value="little"/>
    <property name="user.home" value="/Users/mac_sur"/>
    <property name="user.language" value="en"/>
    <property name="java.specification.vendor" value="Oracle Corporation"/>
    <property name="java.version.date" value="2021-10-19"/>
    <property name="java.home" value="/Library/Java/JavaVirtualMachines/jdk-17.0.1.jdk/Contents/Home"/>
    <property name="file.separator" value="/"/>
    <property name="basedir" value="/Users/mac_sur/Desktop/Module 1/Java-Day-2/day2 workshop/day2"/>
    <property name="java.vm.compressedOopsMode" value="Zero based"/>
    <property name="line.separator" value="&#10;"/>
    <property name="java.specification.name" value="Java Platform API Specification"/>
    <property name="java.vm.specification.vendor" value="Oracle Corporation"/>
    <property name="surefire.real.class.path" value="/Users/mac_sur/Desktop/Module 1/Java-Day-2/day2 workshop/day2/target/surefire/surefirebooter15265164128291665524.jar"/>
    <property name="sun.management.compiler" value="HotSpot 64-Bit Tiered Compilers"/>
    <property name="ftp.nonProxyHosts" value="local|*.local|169.254/16|*.169.254/16"/>
    <property name="java.runtime.version" value="17.0.1+12-LTS-39"/>
    <property name="user.name" value="mac_sur"/>
    <property name="path.separator" value=":"/>
    <property name="os.version" value="11.5.2"/>
    <property name="java.runtime.name" value="Java(TM) SE Runtime Environment"/>
    <property name="file.encoding" value="UTF-8"/>
    <property name="java.vm.name" value="Java HotSpot(TM) 64-Bit Server VM"/>
    <property name="localRepository" value="/Users/mac_sur/.m2/repository"/>
    <property name="java.vendor.url.bug" value="https://bugreport.java.com/bugreport/"/>
    <property name="java.io.tmpdir" value="/var/folders/f4/h05m2jxj3l1_5xj95n760sc40000gp/T/"/>
    <property name="java.version" value="17.0.1"/>
    <property name="user.dir" value="/Users/mac_sur/Desktop/Module 1/Java-Day-2/day2 workshop/day2"/>
    <property name="os.arch" value="x86_64"/>
    <property name="java.vm.specification.name" value="Java Virtual Machine Specification"/>
    <property name="native.encoding" value="UTF-8"/>
    <property name="java.library.path" value="/Users/mac_sur/Library/Java/Extensions:/Library/Java/Extensions:/Network/Library/Java/Extensions:/System/Library/Java/Extensions:/usr/lib/java:."/>
    <property name="java.vm.info" value="mixed mode, sharing"/>
    <property name="java.vendor" value="Oracle Corporation"/>
    <property name="java.vm.version" value="17.0.1+12-LTS-39"/>
    <property name="sun.io.unicode.encoding" value="UnicodeBig"/>
    <property name="socksNonProxyHosts" value="local|*.local|169.254/16|*.169.254/16"/>
    <property name="java.class.version" value="61.0"/>
  </properties>
  <testcase name="testDeposit_nameOnly_NormalCondition" classname="ibf2021.d2.TestBankAccount" time="0.008"/>
  <testcase name="testDeposit_nameandBalance_NormalCondition" classname="ibf2021.d2.TestBankAccount" time="0"/>
  <testcase name="testTransactionHistory_nameAndBalance" classname="ibf2021.d2.TestBankAccount" time="0.002"/>
  <testcase name="testTransactionHistory_nameOnly" classname="ibf2021.d2.TestBankAccount" time="0"/>
  <testcase name="testWithdraw_nameAndBalance_NormalCondition" classname="ibf2021.d2.TestBankAccount" time="0"/>
  <testcase name="testWithdraw_nameOnly_NormalCondition" classname="ibf2021.d2.TestBankAccount" time="0"/>
  <testcase name="testgetBalance_nameAndBalance" classname="ibf2021.d2.TestBankAccount" time="0"/>
  <testcase name="testgetBalance_nameOnly" classname="ibf2021.d2.TestBankAccount" time="0"/>
  <testcase name="testDeposit_cons1" classname="ibf2021.d2.TestFixedAccount" time="0"/>
  <testcase name="testDeposit_cons2" classname="ibf2021.d2.TestFixedAccount" time="0.001"/>
  <testcase name="testDeposit_cons3" classname="ibf2021.d2.TestFixedAccount" time="0.001"/>
  <testcase name="testDurationChange_cons1" classname="ibf2021.d2.TestFixedAccount" time="0"/>
  <testcase name="testDurationChange_cons2" classname="ibf2021.d2.TestFixedAccount" time="0.029"/>
  <testcase name="testDurationChange_cons3" classname="ibf2021.d2.TestFixedAccount" time="0.001"/>
  <testcase name="testInterestChange_cons1" classname="ibf2021.d2.TestFixedAccount" time="0"/>
  <testcase name="testInterestChange_cons2" classname="ibf2021.d2.TestFixedAccount" time="0.001"/>
  <testcase name="testInterestChange_cons3" classname="ibf2021.d2.TestFixedAccount" time="0"/>
  <testcase name="testWithdraw_cons1" classname="ibf2021.d2.TestFixedAccount" time="0"/>
  <testcase name="testWithdraw_cons2" classname="ibf2021.d2.TestFixedAccount" time="0"/>
  <testcase name="testWithdraw_cons3" classname="ibf2021.d2.TestFixedAccount" time="0"/>
</testsuite>